Testsuite: net.dpml.tools.control.DefaultLibraryTestCase
Tests run: 13, Failures: 2, Errors: 0, Time elapsed: 0.406 sec

Testcase: testProcessors took 0.125 sec
Testcase: testGetProcessors took 0.047 sec
Testcase: testGetBadProcessors took 0.047 sec
Testcase: testGetProcessorSequence took 0.015 sec
Testcase: testRootModuleCount took 0.031 sec
Testcase: testExpandedModuleCount took 0.016 sec
	FAILED
last-module expected:<module:dpml> but was:<module:ant>
junit.framework.AssertionFailedError: last-module expected:<module:dpml> but was:<module:ant>
	at net.dpml.tools.control.DefaultLibraryTestCase.testExpandedModuleCount(DefaultLibraryTestCase.java:128)

Testcase: testImmediateNestedModuleCount took 0.016 sec
Testcase: testExpandedSubModuleCount took 0.015 sec
	FAILED
enested-expanded-module-count expected:<9> but was:<4>
junit.framework.AssertionFailedError: enested-expanded-module-count expected:<9> but was:<4>
	at net.dpml.tools.control.DefaultLibraryTestCase.testExpandedSubModuleCount(DefaultLibraryTestCase.java:149)

Testcase: testGetResourceLevelOne took 0.016 sec
Testcase: testGetResourceLevelTwo took 0.016 sec
Testcase: testGetResourceLevelThree took 0.015 sec
Testcase: testGetModuleLevelOne took 0.016 sec
Testcase: testGetModuleLevelTwo took 0.015 sec
